<?xml version="1.0" encoding="UTF-8"?>
<!-- Generated by org.testng.reporters.JUnitXMLReporter -->
<testsuite hostname="jacky-zhao" ignored="4" name="用户管理系统测试用例" tests="7" failures="1" timestamp="2022-04-16T17:36:25 CST" time="4.976" errors="0">
  <testcase name="register" time="0.424" classname="com.autotest.qa.cases.TestCase">
    <failure type="java.lang.AssertionError" message="expected [验证码不相等111] but found [验证码不相等]">
      <![CDATA[java.lang.AssertionError: expected [验证码不相等111] but found [验证码不相等]
at com.autotest.qa.cases.TestCase.register(TestCase.java:104)
at org.springframework.test.context.testng.AbstractTestNGSpringContextTests.run(AbstractTestNGSpringContextTests.java:184)
at java.util.ArrayList.forEach(ArrayList.java:1257)
at com.intellij.rt.testng.IDEARemoteTestNG.run(IDEARemoteTestNG.java:66)
at com.intellij.rt.testng.RemoteTestNGStarter.main(RemoteTestNGStarter.java:110)
... Removed 32 stack frames]]>
    </failure>
  </testcase> <!-- register -->
  <testcase name="register" time="0.043" classname="com.autotest.qa.cases.TestCase"/>
  <testcase name="register" time="0.029" classname="com.autotest.qa.cases.TestCase"/>
  <testcase name="register" time="0.031" classname="com.autotest.qa.cases.TestCase"/>
  <testcase name="register" time="0.031" classname="com.autotest.qa.cases.TestCase"/>
  <testcase name="register" time="0.484" classname="com.autotest.qa.cases.TestCase"/>
  <testcase name="register" time="0.096" classname="com.autotest.qa.cases.TestCase"/>
  <testcase name="test" time="0.0" classname="com.autotest.qa.cases.TestCase">
    <ignored/>
  </testcase> <!-- test -->
  <testcase name="registerAndUploadUserInfo" time="0.0" classname="com.autotest.qa.cases.KtaMainFlowTest">
    <ignored/>
  </testcase> <!-- registerAndUploadUserInfo -->
  <testcase name="testM" time="0.0" classname="com.autotest.qa.cases.TestCase">
    <ignored/>
  </testcase> <!-- testM -->
  <testcase name="uploadUserInfo" time="0.0" classname="com.autotest.qa.cases.KtaMainFlowTest">
    <ignored/>
  </testcase> <!-- uploadUserInfo -->
</testsuite> <!-- 用户管理系统测试用例 -->
